<?xml version="1.0" encoding="UTF-8"?>
<!-- Generated by org.testng.reporters.JUnitReportReporter -->
<testsuite skipped="0" hostname="DESKTOP-4PTNCRH" name="cms.aem.assets.Franchise_Fragment_TC" tests="1" failures="0" timestamp="19 Apr 2020 17:01:56 GMT" time="207.994" errors="0">
  <testcase name="createFranchise" time="207.994" classname="cms.aem.assets.Franchise_Fragment_TC"/>
</testsuite> <!-- cms.aem.assets.Franchise_Fragment_TC -->
