<?xml version="1.0" encoding="UTF-8"?>
<!-- Generated by org.testng.reporters.JUnitReportReporter -->
<testsuite skipped="0" hostname="DESKTOP-4PTNCRH" name="cms.aem.sites.webplex.Show_Hub_Template_TC" tests="1" failures="0" timestamp="11 Apr 2020 11:19:01 GMT" time="104.361" errors="0">
  <testcase name="templateCreation" time="104.361" classname="cms.aem.sites.webplex.Show_Hub_Template_TC"/>
</testsuite> <!-- cms.aem.sites.webplex.Show_Hub_Template_TC -->
