<?xml version="1.0" encoding="UTF-8"?>
<!-- Generated by org.testng.reporters.JUnitReportReporter -->
<testsuite skipped="0" hostname="DESKTOP-4PTNCRH" name="cms.aem.sites.webplex.Home_Page_Template_TC" tests="1" failures="0" timestamp="03 Apr 2020 10:39:30 GMT" time="110.620" errors="0">
  <testcase name="createTemplate" time="110.620" classname="cms.aem.sites.webplex.Home_Page_Template_TC"/>
</testsuite> <!-- cms.aem.sites.webplex.Home_Page_Template_TC -->
