<?xml version="1.0" encoding="UTF-8"?>
<!-- Generated by org.testng.reporters.JUnitReportReporter -->
<testsuite skipped="0" hostname="DESKTOP-4PTNCRH" name="cms.aem.sites.Create_Button_TC" tests="1" failures="0" timestamp="30 Mar 2020 18:12:34 GMT" time="186.386" errors="0">
  <testcase name="create" time="186.386" classname="cms.aem.sites.Create_Button_TC"/>
</testsuite> <!-- cms.aem.sites.Create_Button_TC -->
