<?xml version="1.0" encoding="UTF-8"?>
<!-- Generated by org.testng.reporters.JUnitReportReporter -->
<testsuite skipped="0" hostname="DESKTOP-4PTNCRH" name="cms.aem.assets.Episode_Fragment_TC" tests="1" failures="0" timestamp="25 Apr 2020 06:55:28 GMT" time="115.506" errors="0">
  <testcase name="episodeFragment" time="115.506" classname="cms.aem.assets.Episode_Fragment_TC"/>
</testsuite> <!-- cms.aem.assets.Episode_Fragment_TC -->
