<?xml version="1.0" encoding="UTF-8"?>
<!-- Generated by org.testng.reporters.JUnitReportReporter -->
<testsuite hostname="DESKTOP-4PTNCRH" name="cms.aem.sites.Create_Button_TC" tests="1" failures="0" timestamp="10 Mar 2020 17:31:23 GMT" time="99.492" errors="0">
  <testcase name="create" time="99.492" classname="cms.aem.sites.Create_Button_TC"/>
</testsuite> <!-- cms.aem.sites.Create_Button_TC -->
