<?xml version="1.0" encoding="UTF-8"?>
<!-- Generated by org.testng.reporters.JUnitReportReporter -->
<testsuite hostname="INFBA10123" name="cms.sites.Create_Button_Templates" tests="1" failures="0" timestamp="9 Mar 2020 13:47:41 GMT" time="87.924" errors="0">
  <testcase name="Login" time="87.924" classname="cms.sites.Create_Button_Templates"/>
</testsuite> <!-- cms.sites.Create_Button_Templates -->
