<?xml version="1.0" encoding="UTF-8"?>
<!-- Generated by org.testng.reporters.JUnitReportReporter -->
<testsuite hostname="INFBA10123" name="cms.aem.Assets" tests="1" failures="0" timestamp="9 Mar 2020 09:41:23 GMT" time="70.912" errors="0">
  <testcase name="Login" time="70.912" classname="cms.aem.Assets"/>
</testsuite> <!-- cms.aem.Assets -->
