<?xml version="1.0" encoding="UTF-8"?>
<!-- Generated by org.testng.reporters.JUnitReportReporter -->
<testsuite hostname="DESKTOP-4PTNCRH" name="cms.aem.sites.components.Featured_Content_TC" tests="1" failures="0" timestamp="16 Mar 2020 05:19:25 GMT" time="174.102" errors="0">
  <testcase name="verifyFeaturedComponent" time="174.102" classname="cms.aem.sites.components.Featured_Content_TC"/>
</testsuite> <!-- cms.aem.sites.components.Featured_Content_TC -->
