<?xml version="1.0" encoding="UTF-8"?>
<!-- Generated by org.testng.reporters.JUnitReportReporter -->
<testsuite skipped="0" hostname="DESKTOP-4PTNCRH" name="cms.aem.sites.components.Featured_Content_TC" tests="1" failures="0" timestamp="11 Apr 2020 14:09:56 GMT" time="130.640" errors="0">
  <testcase name="validateComponent" time="130.640" classname="cms.aem.sites.components.Featured_Content_TC"/>
</testsuite> <!-- cms.aem.sites.components.Featured_Content_TC -->
