<?xml version="1.0" encoding="UTF-8"?>
<!-- Generated by org.testng.reporters.JUnitReportReporter -->
<testsuite hostname="DESKTOP-4PTNCRH" name="cms.aem.sites.webplex.Show_Hub_Template_TC" tests="1" failures="0" timestamp="11 Mar 2020 16:43:23 GMT" time="132.851" errors="0">
  <testcase name="templateCreation" time="132.851" classname="cms.aem.sites.webplex.Show_Hub_Template_TC"/>
</testsuite> <!-- cms.aem.sites.webplex.Show_Hub_Template_TC -->
